<?xml version="1.0" encoding="UTF-8"?>
<testsuite xmlns:xsi="http://www.w3.org/2001/XMLSchema-instance" xsi:noNamespaceSchemaLocation="https://maven.apache.org/surefire/maven-surefire-plugin/xsd/surefire-test-report.xsd" name="co.edu.umanizales.tads.TadsApplicationTests" time="0.098" tests="1" errors="1" skipped="0" failures="0">
  <properties>
    <property name="java.specification.version" value="19"/>
    <property name="sun.jnu.encoding" value="UTF-8"/>
    <property name="java.class.path" value="/Users/marianapincai/PROGRAMACIÓN/tads/target/test-classes:/Users/marianapincai/PROGRAMACIÓN/tads/target/classes:/Users/marianapincai/.m2/repository/org/springframework/boot/spring-boot-starter-web-services/3.0.3/spring-boot-starter-web-services-3.0.3.jar:/Users/marianapincai/.m2/repository/org/springframework/boot/spring-boot-starter-web/3.0.3/spring-boot-starter-web-3.0.3.jar:/Users/marianapincai/.m2/repository/org/springframework/boot/spring-boot-starter-json/3.0.3/spring-boot-starter-json-3.0.3.jar:/Users/marianapincai/.m2/repository/com/fasterxml/jackson/core/jackson-databind/2.14.2/jackson-databind-2.14.2.jar:/Users/marianapincai/.m2/repository/com/fasterxml/jackson/core/jackson-annotations/2.14.2/jackson-annotations-2.14.2.jar:/Users/marianapincai/.m2/repository/com/fasterxml/jackson/core/jackson-core/2.14.2/jackson-core-2.14.2.jar:/Users/marianapincai/.m2/repository/com/fasterxml/jackson/datatype/jackson-datatype-jdk8/2.14.2/jackson-datatype-jdk8-2.14.2.jar:/Users/marianapincai/.m2/repository/com/fasterxml/jackson/datatype/jackson-datatype-jsr310/2.14.2/jackson-datatype-jsr310-2.14.2.jar:/Users/marianapincai/.m2/repository/com/fasterxml/jackson/module/jackson-module-parameter-names/2.14.2/jackson-module-parameter-names-2.14.2.jar:/Users/marianapincai/.m2/repository/org/springframework/boot/spring-boot-starter-tomcat/3.0.3/spring-boot-starter-tomcat-3.0.3.jar:/Users/marianapincai/.m2/repository/org/apache/tomcat/embed/tomcat-embed-core/10.1.5/tomcat-embed-core-10.1.5.jar:/Users/marianapincai/.m2/repository/org/apache/tomcat/embed/tomcat-embed-el/10.1.5/tomcat-embed-el-10.1.5.jar:/Users/marianapincai/.m2/repository/org/apache/tomcat/embed/tomcat-embed-websocket/10.1.5/tomcat-embed-websocket-10.1.5.jar:/Users/marianapincai/.m2/repository/org/springframework/spring-web/6.0.5/spring-web-6.0.5.jar:/Users/marianapincai/.m2/repository/io/micrometer/micrometer-observation/1.10.4/micrometer-observation-1.10.4.jar:/Users/marianapincai/.m2/repository/io/micrometer/micrometer-commons/1.10.4/micrometer-commons-1.10.4.jar:/Users/marianapincai/.m2/repository/org/springframework/spring-webmvc/6.0.5/spring-webmvc-6.0.5.jar:/Users/marianapincai/.m2/repository/org/springframework/spring-context/6.0.5/spring-context-6.0.5.jar:/Users/marianapincai/.m2/repository/org/springframework/spring-expression/6.0.5/spring-expression-6.0.5.jar:/Users/marianapincai/.m2/repository/com/sun/xml/messaging/saaj/saaj-impl/3.0.0/saaj-impl-3.0.0.jar:/Users/marianapincai/.m2/repository/jakarta/xml/soap/jakarta.xml.soap-api/3.0.0/jakarta.xml.soap-api-3.0.0.jar:/Users/marianapincai/.m2/repository/org/jvnet/staxex/stax-ex/2.1.0/stax-ex-2.1.0.jar:/Users/marianapincai/.m2/repository/jakarta/activation/jakarta.activation-api/2.1.1/jakarta.activation-api-2.1.1.jar:/Users/marianapincai/.m2/repository/org/eclipse/angus/angus-activation/2.0.0/angus-activation-2.0.0.jar:/Users/marianapincai/.m2/repository/jakarta/xml/ws/jakarta.xml.ws-api/4.0.0/jakarta.xml.ws-api-4.0.0.jar:/Users/marianapincai/.m2/repository/org/springframework/spring-oxm/6.0.5/spring-oxm-6.0.5.jar:/Users/marianapincai/.m2/repository/org/springframework/spring-beans/6.0.5/spring-beans-6.0.5.jar:/Users/marianapincai/.m2/repository/org/springframework/ws/spring-ws-core/4.0.2/spring-ws-core-4.0.2.jar:/Users/marianapincai/.m2/repository/org/springframework/ws/spring-xml/4.0.2/spring-xml-4.0.2.jar:/Users/marianapincai/.m2/repository/org/springframework/spring-aop/6.0.5/spring-aop-6.0.5.jar:/Users/marianapincai/.m2/repository/org/glassfish/jaxb/jaxb-runtime/4.0.2/jaxb-runtime-4.0.2.jar:/Users/marianapincai/.m2/repository/org/glassfish/jaxb/jaxb-core/4.0.2/jaxb-core-4.0.2.jar:/Users/marianapincai/.m2/repository/org/glassfish/jaxb/txw2/4.0.2/txw2-4.0.2.jar:/Users/marianapincai/.m2/repository/com/sun/istack/istack-commons-runtime/4.1.1/istack-commons-runtime-4.1.1.jar:/Users/marianapincai/.m2/repository/org/projectlombok/lombok/1.18.26/lombok-1.18.26.jar:/Users/marianapincai/.m2/repository/org/springframework/boot/spring-boot-starter-test/3.0.3/spring-boot-starter-test-3.0.3.jar:/Users/marianapincai/.m2/repository/org/springframework/boot/spring-boot-starter/3.0.3/spring-boot-starter-3.0.3.jar:/Users/marianapincai/.m2/repository/org/springframework/boot/spring-boot/3.0.3/spring-boot-3.0.3.jar:/Users/marianapincai/.m2/repository/org/springframework/boot/spring-boot-autoconfigure/3.0.3/spring-boot-autoconfigure-3.0.3.jar:/Users/marianapincai/.m2/repository/org/springframework/boot/spring-boot-starter-logging/3.0.3/spring-boot-starter-logging-3.0.3.jar:/Users/marianapincai/.m2/repository/ch/qos/logback/logback-classic/1.4.5/logback-classic-1.4.5.jar:/Users/marianapincai/.m2/repository/ch/qos/logback/logback-core/1.4.5/logback-core-1.4.5.jar:/Users/marianapincai/.m2/repository/org/apache/logging/log4j/log4j-to-slf4j/2.19.0/log4j-to-slf4j-2.19.0.jar:/Users/marianapincai/.m2/repository/org/apache/logging/log4j/log4j-api/2.19.0/log4j-api-2.19.0.jar:/Users/marianapincai/.m2/repository/org/slf4j/jul-to-slf4j/2.0.6/jul-to-slf4j-2.0.6.jar:/Users/marianapincai/.m2/repository/jakarta/annotation/jakarta.annotation-api/2.1.1/jakarta.annotation-api-2.1.1.jar:/Users/marianapincai/.m2/repository/org/yaml/snakeyaml/1.33/snakeyaml-1.33.jar:/Users/marianapincai/.m2/repository/org/springframework/boot/spring-boot-test/3.0.3/spring-boot-test-3.0.3.jar:/Users/marianapincai/.m2/repository/org/springframework/boot/spring-boot-test-autoconfigure/3.0.3/spring-boot-test-autoconfigure-3.0.3.jar:/Users/marianapincai/.m2/repository/com/jayway/jsonpath/json-path/2.7.0/json-path-2.7.0.jar:/Users/marianapincai/.m2/repository/net/minidev/json-smart/2.4.8/json-smart-2.4.8.jar:/Users/marianapincai/.m2/repository/net/minidev/accessors-smart/2.4.8/accessors-smart-2.4.8.jar:/Users/marianapincai/.m2/repository/org/ow2/asm/asm/9.1/asm-9.1.jar:/Users/marianapincai/.m2/repository/org/slf4j/slf4j-api/2.0.6/slf4j-api-2.0.6.jar:/Users/marianapincai/.m2/repository/jakarta/xml/bind/jakarta.xml.bind-api/4.0.0/jakarta.xml.bind-api-4.0.0.jar:/Users/marianapincai/.m2/repository/org/assertj/assertj-core/3.23.1/assertj-core-3.23.1.jar:/Users/marianapincai/.m2/repository/net/bytebuddy/byte-buddy/1.12.23/byte-buddy-1.12.23.jar:/Users/marianapincai/.m2/repository/org/hamcrest/hamcrest/2.2/hamcrest-2.2.jar:/Users/marianapincai/.m2/repository/org/junit/jupiter/junit-jupiter/5.9.2/junit-jupiter-5.9.2.jar:/Users/marianapincai/.m2/repository/org/junit/jupiter/junit-jupiter-api/5.9.2/junit-jupiter-api-5.9.2.jar:/Users/marianapincai/.m2/repository/org/opentest4j/opentest4j/1.2.0/opentest4j-1.2.0.jar:/Users/marianapincai/.m2/repository/org/junit/platform/junit-platform-commons/1.9.2/junit-platform-commons-1.9.2.jar:/Users/marianapincai/.m2/repository/org/apiguardian/apiguardian-api/1.1.2/apiguardian-api-1.1.2.jar:/Users/marianapincai/.m2/repository/org/junit/jupiter/junit-jupiter-params/5.9.2/junit-jupiter-params-5.9.2.jar:/Users/marianapincai/.m2/repository/org/junit/jupiter/junit-jupiter-engine/5.9.2/junit-jupiter-engine-5.9.2.jar:/Users/marianapincai/.m2/repository/org/junit/platform/junit-platform-engine/1.9.2/junit-platform-engine-1.9.2.jar:/Users/marianapincai/.m2/repository/org/mockito/mockito-core/4.8.1/mockito-core-4.8.1.jar:/Users/marianapincai/.m2/repository/net/bytebuddy/byte-buddy-agent/1.12.23/byte-buddy-agent-1.12.23.jar:/Users/marianapincai/.m2/repository/org/objenesis/objenesis/3.2/objenesis-3.2.jar:/Users/marianapincai/.m2/repository/org/mockito/mockito-junit-jupiter/4.8.1/mockito-junit-jupiter-4.8.1.jar:/Users/marianapincai/.m2/repository/org/skyscreamer/jsonassert/1.5.1/jsonassert-1.5.1.jar:/Users/marianapincai/.m2/repository/com/vaadin/external/google/android-json/0.0.20131108.vaadin1/android-json-0.0.20131108.vaadin1.jar:/Users/marianapincai/.m2/repository/org/springframework/spring-core/6.0.5/spring-core-6.0.5.jar:/Users/marianapincai/.m2/repository/org/springframework/spring-jcl/6.0.5/spring-jcl-6.0.5.jar:/Users/marianapincai/.m2/repository/org/springframework/spring-test/6.0.5/spring-test-6.0.5.jar:/Users/marianapincai/.m2/repository/org/xmlunit/xmlunit-core/2.9.1/xmlunit-core-2.9.1.jar:"/>
    <property name="java.vm.vendor" value="Oracle Corporation"/>
    <property name="sun.arch.data.model" value="64"/>
    <property name="java.vendor.url" value="https://java.oracle.com/"/>
    <property name="os.name" value="Mac OS X"/>
    <property name="java.vm.specification.version" value="19"/>
    <property name="sun.java.launcher" value="SUN_STANDARD"/>
    <property name="user.country" value="CO"/>
    <property name="sun.boot.library.path" value="/Users/marianapincai/Library/Java/JavaVirtualMachines/openjdk-19.0.2/Contents/Home/lib"/>
    <property name="sun.java.command" value="/Users/marianapincai/PROGRAMACIÓN/tads/target/surefire/surefirebooter9276231142916606446.jar /Users/marianapincai/PROGRAMACIÓN/tads/target/surefire 2023-03-13T15-54-33_758-jvmRun1 surefire4705386334929542217tmp surefire_010222616794180983014tmp"/>
    <property name="http.nonProxyHosts" value="local|*.local|169.254/16|*.169.254/16"/>
    <property name="jdk.debug" value="release"/>
    <property name="surefire.test.class.path" value="/Users/marianapincai/PROGRAMACIÓN/tads/target/test-classes:/Users/marianapincai/PROGRAMACIÓN/tads/target/classes:/Users/marianapincai/.m2/repository/org/springframework/boot/spring-boot-starter-web-services/3.0.3/spring-boot-starter-web-services-3.0.3.jar:/Users/marianapincai/.m2/repository/org/springframework/boot/spring-boot-starter-web/3.0.3/spring-boot-starter-web-3.0.3.jar:/Users/marianapincai/.m2/repository/org/springframework/boot/spring-boot-starter-json/3.0.3/spring-boot-starter-json-3.0.3.jar:/Users/marianapincai/.m2/repository/com/fasterxml/jackson/core/jackson-databind/2.14.2/jackson-databind-2.14.2.jar:/Users/marianapincai/.m2/repository/com/fasterxml/jackson/core/jackson-annotations/2.14.2/jackson-annotations-2.14.2.jar:/Users/marianapincai/.m2/repository/com/fasterxml/jackson/core/jackson-core/2.14.2/jackson-core-2.14.2.jar:/Users/marianapincai/.m2/repository/com/fasterxml/jackson/datatype/jackson-datatype-jdk8/2.14.2/jackson-datatype-jdk8-2.14.2.jar:/Users/marianapincai/.m2/repository/com/fasterxml/jackson/datatype/jackson-datatype-jsr310/2.14.2/jackson-datatype-jsr310-2.14.2.jar:/Users/marianapincai/.m2/repository/com/fasterxml/jackson/module/jackson-module-parameter-names/2.14.2/jackson-module-parameter-names-2.14.2.jar:/Users/marianapincai/.m2/repository/org/springframework/boot/spring-boot-starter-tomcat/3.0.3/spring-boot-starter-tomcat-3.0.3.jar:/Users/marianapincai/.m2/repository/org/apache/tomcat/embed/tomcat-embed-core/10.1.5/tomcat-embed-core-10.1.5.jar:/Users/marianapincai/.m2/repository/org/apache/tomcat/embed/tomcat-embed-el/10.1.5/tomcat-embed-el-10.1.5.jar:/Users/marianapincai/.m2/repository/org/apache/tomcat/embed/tomcat-embed-websocket/10.1.5/tomcat-embed-websocket-10.1.5.jar:/Users/marianapincai/.m2/repository/org/springframework/spring-web/6.0.5/spring-web-6.0.5.jar:/Users/marianapincai/.m2/repository/io/micrometer/micrometer-observation/1.10.4/micrometer-observation-1.10.4.jar:/Users/marianapincai/.m2/repository/io/micrometer/micrometer-commons/1.10.4/micrometer-commons-1.10.4.jar:/Users/marianapincai/.m2/repository/org/springframework/spring-webmvc/6.0.5/spring-webmvc-6.0.5.jar:/Users/marianapincai/.m2/repository/org/springframework/spring-context/6.0.5/spring-context-6.0.5.jar:/Users/marianapincai/.m2/repository/org/springframework/spring-expression/6.0.5/spring-expression-6.0.5.jar:/Users/marianapincai/.m2/repository/com/sun/xml/messaging/saaj/saaj-impl/3.0.0/saaj-impl-3.0.0.jar:/Users/marianapincai/.m2/repository/jakarta/xml/soap/jakarta.xml.soap-api/3.0.0/jakarta.xml.soap-api-3.0.0.jar:/Users/marianapincai/.m2/repository/org/jvnet/staxex/stax-ex/2.1.0/stax-ex-2.1.0.jar:/Users/marianapincai/.m2/repository/jakarta/activation/jakarta.activation-api/2.1.1/jakarta.activation-api-2.1.1.jar:/Users/marianapincai/.m2/repository/org/eclipse/angus/angus-activation/2.0.0/angus-activation-2.0.0.jar:/Users/marianapincai/.m2/repository/jakarta/xml/ws/jakarta.xml.ws-api/4.0.0/jakarta.xml.ws-api-4.0.0.jar:/Users/marianapincai/.m2/repository/org/springframework/spring-oxm/6.0.5/spring-oxm-6.0.5.jar:/Users/marianapincai/.m2/repository/org/springframework/spring-beans/6.0.5/spring-beans-6.0.5.jar:/Users/marianapincai/.m2/repository/org/springframework/ws/spring-ws-core/4.0.2/spring-ws-core-4.0.2.jar:/Users/marianapincai/.m2/repository/org/springframework/ws/spring-xml/4.0.2/spring-xml-4.0.2.jar:/Users/marianapincai/.m2/repository/org/springframework/spring-aop/6.0.5/spring-aop-6.0.5.jar:/Users/marianapincai/.m2/repository/org/glassfish/jaxb/jaxb-runtime/4.0.2/jaxb-runtime-4.0.2.jar:/Users/marianapincai/.m2/repository/org/glassfish/jaxb/jaxb-core/4.0.2/jaxb-core-4.0.2.jar:/Users/marianapincai/.m2/repository/org/glassfish/jaxb/txw2/4.0.2/txw2-4.0.2.jar:/Users/marianapincai/.m2/repository/com/sun/istack/istack-commons-runtime/4.1.1/istack-commons-runtime-4.1.1.jar:/Users/marianapincai/.m2/repository/org/projectlombok/lombok/1.18.26/lombok-1.18.26.jar:/Users/marianapincai/.m2/repository/org/springframework/boot/spring-boot-starter-test/3.0.3/spring-boot-starter-test-3.0.3.jar:/Users/marianapincai/.m2/repository/org/springframework/boot/spring-boot-starter/3.0.3/spring-boot-starter-3.0.3.jar:/Users/marianapincai/.m2/repository/org/springframework/boot/spring-boot/3.0.3/spring-boot-3.0.3.jar:/Users/marianapincai/.m2/repository/org/springframework/boot/spring-boot-autoconfigure/3.0.3/spring-boot-autoconfigure-3.0.3.jar:/Users/marianapincai/.m2/repository/org/springframework/boot/spring-boot-starter-logging/3.0.3/spring-boot-starter-logging-3.0.3.jar:/Users/marianapincai/.m2/repository/ch/qos/logback/logback-classic/1.4.5/logback-classic-1.4.5.jar:/Users/marianapincai/.m2/repository/ch/qos/logback/logback-core/1.4.5/logback-core-1.4.5.jar:/Users/marianapincai/.m2/repository/org/apache/logging/log4j/log4j-to-slf4j/2.19.0/log4j-to-slf4j-2.19.0.jar:/Users/marianapincai/.m2/repository/org/apache/logging/log4j/log4j-api/2.19.0/log4j-api-2.19.0.jar:/Users/marianapincai/.m2/repository/org/slf4j/jul-to-slf4j/2.0.6/jul-to-slf4j-2.0.6.jar:/Users/marianapincai/.m2/repository/jakarta/annotation/jakarta.annotation-api/2.1.1/jakarta.annotation-api-2.1.1.jar:/Users/marianapincai/.m2/repository/org/yaml/snakeyaml/1.33/snakeyaml-1.33.jar:/Users/marianapincai/.m2/repository/org/springframework/boot/spring-boot-test/3.0.3/spring-boot-test-3.0.3.jar:/Users/marianapincai/.m2/repository/org/springframework/boot/spring-boot-test-autoconfigure/3.0.3/spring-boot-test-autoconfigure-3.0.3.jar:/Users/marianapincai/.m2/repository/com/jayway/jsonpath/json-path/2.7.0/json-path-2.7.0.jar:/Users/marianapincai/.m2/repository/net/minidev/json-smart/2.4.8/json-smart-2.4.8.jar:/Users/marianapincai/.m2/repository/net/minidev/accessors-smart/2.4.8/accessors-smart-2.4.8.jar:/Users/marianapincai/.m2/repository/org/ow2/asm/asm/9.1/asm-9.1.jar:/Users/marianapincai/.m2/repository/org/slf4j/slf4j-api/2.0.6/slf4j-api-2.0.6.jar:/Users/marianapincai/.m2/repository/jakarta/xml/bind/jakarta.xml.bind-api/4.0.0/jakarta.xml.bind-api-4.0.0.jar:/Users/marianapincai/.m2/repository/org/assertj/assertj-core/3.23.1/assertj-core-3.23.1.jar:/Users/marianapincai/.m2/repository/net/bytebuddy/byte-buddy/1.12.23/byte-buddy-1.12.23.jar:/Users/marianapincai/.m2/repository/org/hamcrest/hamcrest/2.2/hamcrest-2.2.jar:/Users/marianapincai/.m2/repository/org/junit/jupiter/junit-jupiter/5.9.2/junit-jupiter-5.9.2.jar:/Users/marianapincai/.m2/repository/org/junit/jupiter/junit-jupiter-api/5.9.2/junit-jupiter-api-5.9.2.jar:/Users/marianapincai/.m2/repository/org/opentest4j/opentest4j/1.2.0/opentest4j-1.2.0.jar:/Users/marianapincai/.m2/repository/org/junit/platform/junit-platform-commons/1.9.2/junit-platform-commons-1.9.2.jar:/Users/marianapincai/.m2/repository/org/apiguardian/apiguardian-api/1.1.2/apiguardian-api-1.1.2.jar:/Users/marianapincai/.m2/repository/org/junit/jupiter/junit-jupiter-params/5.9.2/junit-jupiter-params-5.9.2.jar:/Users/marianapincai/.m2/repository/org/junit/jupiter/junit-jupiter-engine/5.9.2/junit-jupiter-engine-5.9.2.jar:/Users/marianapincai/.m2/repository/org/junit/platform/junit-platform-engine/1.9.2/junit-platform-engine-1.9.2.jar:/Users/marianapincai/.m2/repository/org/mockito/mockito-core/4.8.1/mockito-core-4.8.1.jar:/Users/marianapincai/.m2/repository/net/bytebuddy/byte-buddy-agent/1.12.23/byte-buddy-agent-1.12.23.jar:/Users/marianapincai/.m2/repository/org/objenesis/objenesis/3.2/objenesis-3.2.jar:/Users/marianapincai/.m2/repository/org/mockito/mockito-junit-jupiter/4.8.1/mockito-junit-jupiter-4.8.1.jar:/Users/marianapincai/.m2/repository/org/skyscreamer/jsonassert/1.5.1/jsonassert-1.5.1.jar:/Users/marianapincai/.m2/repository/com/vaadin/external/google/android-json/0.0.20131108.vaadin1/android-json-0.0.20131108.vaadin1.jar:/Users/marianapincai/.m2/repository/org/springframework/spring-core/6.0.5/spring-core-6.0.5.jar:/Users/marianapincai/.m2/repository/org/springframework/spring-jcl/6.0.5/spring-jcl-6.0.5.jar:/Users/marianapincai/.m2/repository/org/springframework/spring-test/6.0.5/spring-test-6.0.5.jar:/Users/marianapincai/.m2/repository/org/xmlunit/xmlunit-core/2.9.1/xmlunit-core-2.9.1.jar:"/>
    <property name="sun.cpu.endian" value="little"/>
    <property name="user.home" value="/Users/marianapincai"/>
    <property name="user.language" value="es"/>
    <property name="java.specification.vendor" value="Oracle Corporation"/>
    <property name="java.version.date" value="2023-01-17"/>
    <property name="java.home" value="/Users/marianapincai/Library/Java/JavaVirtualMachines/openjdk-19.0.2/Contents/Home"/>
    <property name="file.separator" value="/"/>
    <property name="basedir" value="/Users/marianapincai/PROGRAMACIÓN/tads"/>
    <property name="java.vm.compressedOopsMode" value="Zero based"/>
    <property name="line.separator" value="&#10;"/>
    <property name="java.vm.specification.vendor" value="Oracle Corporation"/>
    <property name="java.specification.name" value="Java Platform API Specification"/>
    <property name="apple.awt.application.name" value="ForkedBooter"/>
    <property name="surefire.real.class.path" value="/Users/marianapincai/PROGRAMACIÓN/tads/target/surefire/surefirebooter9276231142916606446.jar"/>
    <property name="sun.management.compiler" value="HotSpot 64-Bit Tiered Compilers"/>
    <property name="ftp.nonProxyHosts" value="local|*.local|169.254/16|*.169.254/16"/>
    <property name="java.runtime.version" value="19.0.2+7-44"/>
    <property name="user.name" value="marianapincai"/>
    <property name="stdout.encoding" value="US-ASCII"/>
    <property name="path.separator" value=":"/>
    <property name="os.version" value="13.0"/>
    <property name="java.runtime.name" value="OpenJDK Runtime Environment"/>
    <property name="file.encoding" value="UTF-8"/>
    <property name="java.vm.name" value="OpenJDK 64-Bit Server VM"/>
    <property name="localRepository" value="/Users/marianapincai/.m2/repository"/>
    <property name="java.vendor.url.bug" value="https://bugreport.java.com/bugreport/"/>
    <property name="java.io.tmpdir" value="/var/folders/85/_bph5sf575zfvf21nx6pb8lc0000gn/T/"/>
    <property name="idea.version" value="2022.3.2"/>
    <property name="java.version" value="19.0.2"/>
    <property name="user.dir" value="/Users/marianapincai/PROGRAMACIÓN/tads"/>
    <property name="os.arch" value="aarch64"/>
    <property name="java.vm.specification.name" value="Java Virtual Machine Specification"/>
    <property name="native.encoding" value="US-ASCII"/>
    <property name="java.library.path" value="/Users/marianapincai/Library/Java/Extensions:/Library/Java/Extensions:/Network/Library/Java/Extensions:/System/Library/Java/Extensions:/usr/lib/java:."/>
    <property name="java.vm.info" value="mixed mode, sharing"/>
    <property name="stderr.encoding" value="US-ASCII"/>
    <property name="java.vendor" value="Oracle Corporation"/>
    <property name="java.vm.version" value="19.0.2+7-44"/>
    <property name="sun.io.unicode.encoding" value="UnicodeBig"/>
    <property name="socksNonProxyHosts" value="local|*.local|169.254/16|*.169.254/16"/>
    <property name="java.class.version" value="63.0"/>
  </properties>
  <testcase name="co.edu.umanizales.tads.TadsApplicationTests" classname="co.edu.umanizales.tads.TadsApplicationTests" time="0.097">
    <error message="Unable to find a @SpringBootConfiguration, you need to use @ContextConfiguration or @SpringBootTest(classes=...) with your test" type="java.lang.IllegalStateException">java.lang.IllegalStateException: Unable to find a @SpringBootConfiguration, you need to use @ContextConfiguration or @SpringBootTest(classes=...) with your test
</error>
    <system-out><![CDATA[15:54:34.069 [main] DEBUG org.springframework.boot.test.context.SpringBootTestContextBootstrapper - Neither @ContextConfiguration nor @ContextHierarchy found for test class [TadsApplicationTests]: using SpringBootContextLoader
15:54:34.070 [main] DEBUG org.springframework.test.context.support.AbstractContextLoader - Could not detect default resource locations for test class [co.edu.umanizales.tads.TadsApplicationTests]: no resource found for suffixes {-context.xml, Context.groovy}.
15:54:34.070 [main] INFO org.springframework.test.context.support.AnnotationConfigContextLoaderUtils - Could not detect default configuration classes for test class [co.edu.umanizales.tads.TadsApplicationTests]: TadsApplicationTests does not declare any static, non-private, non-final, nested classes annotated with @Configuration.
15:54:34.080 [main] DEBUG org.springframework.boot.test.context.SpringBootTestContextBootstrapper - Using ContextCustomizers for test class [TadsApplicationTests]: [ExcludeFilterContextCustomizer, DuplicateJsonObjectContextCustomizer, MockitoContextCustomizer, TestRestTemplateContextCustomizer, DisableObservabilityContextCustomizer, PropertyMappingContextCustomizer, Customizer]
15:54:34.093 [main] DEBUG org.springframework.core.io.support.PathMatchingResourcePatternResolver - Failed to complete search in directory [/Users/marianapincai/PROGRAMACI%C3%93N/tads/target/test-classes/co/edu/umanizales/tads] for files matching pattern [*.class]: java.nio.file.NoSuchFileException: /Users/marianapincai/PROGRAMACI%C3%93N/tads/target/test-classes/co/edu/umanizales/tads
15:54:34.093 [main] DEBUG org.springframework.core.io.support.PathMatchingResourcePatternResolver - Failed to complete search in directory [/Users/marianapincai/PROGRAMACI%C3%93N/tads/target/classes/co/edu/umanizales/tads] for files matching pattern [*.class]: java.nio.file.NoSuchFileException: /Users/marianapincai/PROGRAMACI%C3%93N/tads/target/classes/co/edu/umanizales/tads
15:54:34.094 [main] DEBUG org.springframework.core.io.support.PathMatchingResourcePatternResolver - Failed to complete search in directory [/Users/marianapincai/PROGRAMACI%C3%93N/tads/target/test-classes/co/edu/umanizales] for files matching pattern [*.class]: java.nio.file.NoSuchFileException: /Users/marianapincai/PROGRAMACI%C3%93N/tads/target/test-classes/co/edu/umanizales
15:54:34.094 [main] DEBUG org.springframework.core.io.support.PathMatchingResourcePatternResolver - Failed to complete search in directory [/Users/marianapincai/PROGRAMACI%C3%93N/tads/target/classes/co/edu/umanizales] for files matching pattern [*.class]: java.nio.file.NoSuchFileException: /Users/marianapincai/PROGRAMACI%C3%93N/tads/target/classes/co/edu/umanizales
15:54:34.095 [main] DEBUG org.springframework.core.io.support.PathMatchingResourcePatternResolver - Failed to complete search in directory [/Users/marianapincai/PROGRAMACI%C3%93N/tads/target/test-classes/co/edu] for files matching pattern [*.class]: java.nio.file.NoSuchFileException: /Users/marianapincai/PROGRAMACI%C3%93N/tads/target/test-classes/co/edu
15:54:34.095 [main] DEBUG org.springframework.core.io.support.PathMatchingResourcePatternResolver - Failed to complete search in directory [/Users/marianapincai/PROGRAMACI%C3%93N/tads/target/classes/co/edu] for files matching pattern [*.class]: java.nio.file.NoSuchFileException: /Users/marianapincai/PROGRAMACI%C3%93N/tads/target/classes/co/edu
15:54:34.095 [main] DEBUG org.springframework.core.io.support.PathMatchingResourcePatternResolver - Failed to complete search in directory [/Users/marianapincai/PROGRAMACI%C3%93N/tads/target/test-classes/co] for files matching pattern [*.class]: java.nio.file.NoSuchFileException: /Users/marianapincai/PROGRAMACI%C3%93N/tads/target/test-classes/co
15:54:34.095 [main] DEBUG org.springframework.core.io.support.PathMatchingResourcePatternResolver - Failed to complete search in directory [/Users/marianapincai/PROGRAMACI%C3%93N/tads/target/classes/co] for files matching pattern [*.class]: java.nio.file.NoSuchFileException: /Users/marianapincai/PROGRAMACI%C3%93N/tads/target/classes/co
]]></system-out>
  </testcase>
</testsuite>